make all --print-data-base --no-builtin-variables --no-builtin-rules --question
# GNU Make 3.81
# Copyright (C) 2006  Free Software Foundation, Inc.
# This is free software; see the source for copying conditions.
# There is NO warranty; not even for MERCHANTABILITY or FITNESS FOR A
# PARTICULAR PURPOSE.

# This program built for i386-apple-darwin11.3.0

# Make data base, printed on Wed Feb 23 09:09:21 2022

# Variables

# automatic
<D = $(patsubst %/,%,$(dir $<))
# automatic
?F = $(notdir $?)
# environment
VSCODE_LOG_NATIVE = false
# automatic
?D = $(patsubst %/,%,$(dir $?))
# environment
PLATFORMIO_IDE = 2.4.2
# makefile (from `Makefile', line 2)
INCLUDES = -D_GNU_SOURCE -DHAVE_ISNAN=1 -I/opt/local/include -I/usr/include/gdal -Iinclude -Irtree
# automatic
@D = $(patsubst %/,%,$(dir $@))
# automatic
@F = $(notdir $@)
# makefile
CURDIR := /Users/thborges/projects/dgeohistogram/cpp
# makefile
SHELL = /bin/sh
# environment
VSCODE_NLS_CONFIG = {"locale":"en-us","availableLanguages":{},"_languagePackSupport":true}
# environment
_ = /usr/bin/make
# makefile (from `Makefile', line 14)
WARNS = -Wno-missing-braces -Wno-unused-variable 
# makefile (from `Makefile', line 1)
MAKEFILE_LIST :=  Makefile
# makefile (from `Makefile', line 17)
DEBUG = $(WARNS) -Wall -ggdb -O0
# environment
VSCODE_VERBOSE_LOGGING = true
# environment
__CFBundleIdentifier = com.microsoft.VSCode
# environment
VSCODE_IPC_HOOK_EXTHOST = /var/folders/gl/g6rtj82j67xdng2lpcf_0mfc0000gp/T/vscode-ipc-309ec2e9-54b4-44b5-8ce6-3a2ef403a7ee.sock
# environment
VSCODE_CWD = /
# makefile (from `Makefile', line 21)
SRC_CPP = $(patsubst %.cpp,%.o,$(wildcard src/*.cpp))
# environment
NO_PROXY = 127.0.0.1
# environment
VSCODE_LOG_STACK = false
# environment
ELECTRON_RUN_AS_NODE = 1
# default
.FEATURES := target-specific order-only second-expansion else-if archives jobserver check-symlink
# environment
SSH_AUTH_SOCK = /private/tmp/com.apple.launchd.njDvM0b6gQ/Listeners
# automatic
%F = $(notdir $%)
# environment
DISPLAY = /private/tmp/com.apple.launchd.jrc1VRnZwO/org.macosforge.xquartz:0
# environment
VSCODE_PIPE_LOGGING = true
# environment
PWD = /Users/thborges/projects/dgeohistogram/cpp
# environment
ORIGINAL_XDG_CURRENT_DESKTOP = undefined
# makefile (from `Makefile', line 22)
EXPERIMENTS = $(patsubst %.cpp,%.exp,$(wildcard experiments/*.cpp))
# environment
VSCODE_AMD_ENTRYPOINT = vs/workbench/services/extensions/node/extensionHostProcess
# environment
HOME = /Users/thborges
# default
MAKEFILEPATH = $(shell /usr/bin/xcode-select -print-path 2>/dev/null || echo /Developer)/Makefiles
# environment
VSCODE_CODE_CACHE_PATH = /Users/thborges/Library/Application Support/Code/CachedData/f80445acd5a3dadef24aa209168452a3d97cc326
# environment
LOGNAME = thborges
# environment
APPLICATION_INSIGHTS_NO_DIAGNOSTIC_CHANNEL = 1
# environment
VSCODE_HANDLES_UNCAUGHT_ERRORS = true
# automatic
^D = $(patsubst %/,%,$(dir $^))
# environment
PLATFORMIO_PATH = /Users/thborges/.platformio/python3/bin:/Users/thborges/miniconda3/bin:/Library/Frameworks/Python.framework/Versions/3.9/bin:/usr/local/bin:/usr/bin:/bin:/usr/sbin:/sbin:/Library/TeX/texbin:/opt/X11/bin:/Library/Apple/usr/bin
# default
MAKE = $(MAKE_COMMAND)
# default
MAKECMDGOALS := all
# environment
PATH = /Users/thborges/miniconda3/bin:/Library/Frameworks/Python.framework/Versions/3.9/bin:/usr/local/bin:/usr/bin:/bin:/usr/sbin:/sbin:/Library/TeX/texbin:/opt/X11/bin:/Library/Apple/usr/bin
# environment
SHLVL = 1
# environment
XPC_FLAGS = 0x0
# default
MAKE_VERSION := 3.81
# environment
USER = thborges
# makefile
.DEFAULT_GOAL := all
# automatic
%D = $(patsubst %/,%,$(dir $%))
# default
MAKE_COMMAND := /Library/Developer/CommandLineTools/usr/bin/make
# default
.VARIABLES := 
# environment
TMPDIR = /var/folders/gl/g6rtj82j67xdng2lpcf_0mfc0000gp/T/
# automatic
*F = $(notdir $*)
# environment
VSCODE_IPC_HOOK = /Users/thborges/Library/Application Support/Code/1.64.2-main.sock
# makefile
MAKEFLAGS = Rrqp
# environment
MFLAGS = -Rrqp
# automatic
*D = $(patsubst %/,%,$(dir $*))
# environment
XPC_SERVICE_NAME = application.com.microsoft.VSCode.37551999.37552005
# automatic
+D = $(patsubst %/,%,$(dir $+))
# automatic
+F = $(notdir $+)
# makefile (from `Makefile', line 20)
SRC_C = $(patsubst %.c,%.o,$(wildcard rtree/*.c))
# environment
__CF_USER_TEXT_ENCODING = 0x1F6:0x0:0x0
# environment
COMMAND_MODE = unix2003
# default
MAKEFILES := 
# automatic
<F = $(notdir $<)
# environment
PLATFORMIO_CALLER = vscode
# environment
LC_ALL = C
# makefile (from `Makefile', line 10)
LIBS = -L/opt/local/lib -L/usr/lib
# automatic
^F = $(notdir $^)
# default
SUFFIXES := 
# default
.INCLUDE_DIRS = /usr/local/include
# environment
MAKELEVEL := 0
# environment
LANG = C
# environment
VSCODE_PID = 19391
# variable set hash-table stats:
# Load=74/1024=7%, Rehash=0, Collisions=5/101=5%

# Pattern-specific Variable Values

# No pattern-specific variable values.

# Directories

# . (device 16777220, inode 38069524): 9 files, no impossibilities.
# rtree (device 16777220, inode 38115219): 23 files, no impossibilities.
# experiments (device 16777220, inode 38075816): 7 files, no impossibilities.
# src (device 16777220, inode 38073308): 8 files, no impossibilities.
# rtree/glibwrap.o rtree/ogrext.o rtree/rtree-reinsert.o rtree/rtree-star.o rtree/rtree-wquery.o rtree/rtree.o rtree/utils.o src/Dataset.o src/SpatialGridHistogramIHWAF.o src: could not be stat'd.

# 47 files, no impossibilities in 5 directories.

# Implicit Rules

%.exp: rtree/glibwrap.o rtree/ogrext.o rtree/rtree-reinsert.o rtree/rtree-star.o rtree/rtree-wquery.o rtree/rtree.o rtree/utils.o src/Dataset.o src/SpatialGridHistogramIHWAF.o src/SpatialGridHistogramMP.o %.o
#  commands to execute (from `Makefile', line 27):
	clang++ -std=c++17 $(DEBUG) $(INCLUDES) $^ -o $@ $(LIBS) -lgdal -lgeos -lgeos_c
	ln -sf $@ $*
	

%.o: %.c
#  commands to execute (from `Makefile', line 31):
	clang -std=c11 $(DEBUG) $(INCLUDES) -c $< -o $@
	

%.o: %.cpp
#  commands to execute (from `Makefile', line 34):
	clang++ -std=c++17 $(DEBUG) $(INCLUDES) -c $< -o $@
	

# 3 implicit rules, 0 (0.0%) terminal.

# Files

# Not a target:
src/SpatialGridHistogramMP.cpp:
#  Implicit rule search has been done.
#  Last modified 2022-02-16 20:50:32
#  File has been updated.
#  Successfully updated.
# variable set hash-table stats:
# Load=0/32=0%, Rehash=0, Collisions=0/0=0%

rtree/ogrext.o: rtree/ogrext.c
#  Precious file (prerequisite of .PRECIOUS).
#  Implicit rule search has been done.
#  Implicit/static pattern stem: `rtree/ogrext'
#  Last modified 2022-02-23 09:04:23
#  File has been updated.
#  Successfully updated.
# variable set hash-table stats:
# Load=0/32=0%, Rehash=0, Collisions=0/0=0%
#  commands to execute (from `Makefile', line 31):
	clang -std=c11 $(DEBUG) $(INCLUDES) -c $< -o $@
	

rtree/rtree-reinsert.o: rtree/rtree-reinsert.c
#  Precious file (prerequisite of .PRECIOUS).
#  Implicit rule search has been done.
#  Implicit/static pattern stem: `rtree/rtree-reinsert'
#  Last modified 2022-02-23 09:04:23
#  File has been updated.
#  Successfully updated.
# variable set hash-table stats:
# Load=0/32=0%, Rehash=0, Collisions=0/0=0%
#  commands to execute (from `Makefile', line 31):
	clang -std=c11 $(DEBUG) $(INCLUDES) -c $< -o $@
	

experiments/wquery.o: experiments/wquery.cpp
#  Precious file (prerequisite of .PRECIOUS).
#  Implicit rule search has been done.
#  Implicit/static pattern stem: `experiments/wquery'
#  Last modified 2022-02-23 09:04:30
#  File has been updated.
#  Successfully updated.
# variable set hash-table stats:
# Load=0/32=0%, Rehash=0, Collisions=0/0=0%
#  commands to execute (from `Makefile', line 34):
	clang++ -std=c++17 $(DEBUG) $(INCLUDES) -c $< -o $@
	

all: experiments/wquery.exp
#  Command-line target.
#  Implicit rule search has been done.
#  File does not exist.
#  File has been updated.
#  Successfully updated.
# variable set hash-table stats:
# Load=0/32=0%, Rehash=0, Collisions=0/0=0%

# Not a target:
%.o:
#  Precious file (prerequisite of .PRECIOUS).
#  Implicit rule search has not been done.
#  Modification time never checked.
#  File has not been updated.

.PRECIOUS: %.cpp %.o
#  Implicit rule search has not been done.
#  Modification time never checked.
#  File has not been updated.

 
rtree/rtree.o: rtree/rtree.c
#  Precious file (prerequisite of .PRECIOUS).
#  Implicit rule search has been done.
#  Implicit/static pattern stem: `rtree/rtree'
#  Last modified 2022-02-23 09:04:24
#  File has been updated.
#  Successfully updated.
# variable set hash-table stats:
# Load=0/32=0%, Rehash=0, Collisions=0/0=0%
#  commands to execute (from `Makefile', line 31):
	clang -std=c11 $(DEBUG) $(INCLUDES) -c $< -o $@
	

rtree/utils.o: rtree/utils.c
#  Precious file (prerequisite of .PRECIOUS).
#  Implicit rule search has been done.
#  Implicit/static pattern stem: `rtree/utils'
#  Last modified 2022-02-23 09:04:25
#  File has been updated.
#  Successfully updated.
# variable set hash-table stats:
# Load=0/32=0%, Rehash=0, Collisions=0/0=0%
#  commands to execute (from `Makefile', line 31):
	clang -std=c11 $(DEBUG) $(INCLUDES) -c $< -o $@
	

# Not a target:
.SUFFIXES:
#  Implicit rule search has not been done.
#  Modification time never checked.
#  File has not been updated.

# Not a target:
Makefile:
#  Implicit rule search has been done.
#  Last modified 2022-02-16 14:48:56
#  File has been updated.
#  Successfully updated.
# variable set hash-table stats:
# Load=0/32=0%, Rehash=0, Collisions=0/0=0%

# Not a target:
rtree/rtree-star.c:
#  Implicit rule search has been done.
#  Last modified 2022-02-16 14:43:10
#  File has been updated.
#  Successfully updated.
# variable set hash-table stats:
# Load=0/32=0%, Rehash=0, Collisions=0/0=0%

src/SpatialGridHistogramIHWAF.o: src/SpatialGridHistogramIHWAF.cpp
#  Precious file (prerequisite of .PRECIOUS).
#  Implicit rule search has been done.
#  Implicit/static pattern stem: `src/SpatialGridHistogramIHWAF'
#  Last modified 2022-02-23 09:04:27
#  File has been updated.
#  Successfully updated.
# variable set hash-table stats:
# Load=0/32=0%, Rehash=0, Collisions=0/0=0%
#  commands to execute (from `Makefile', line 34):
	clang++ -std=c++17 $(DEBUG) $(INCLUDES) -c $< -o $@
	

# Not a target:
rtree/ogrext.c:
#  Implicit rule search has been done.
#  Last modified 2022-02-16 21:54:19
#  File has been updated.
#  Successfully updated.
# variable set hash-table stats:
# Load=0/32=0%, Rehash=0, Collisions=0/0=0%

rtree/glibwrap.o: rtree/glibwrap.c
#  Precious file (prerequisite of .PRECIOUS).
#  Implicit rule search has been done.
#  Implicit/static pattern stem: `rtree/glibwrap'
#  Last modified 2022-02-23 09:04:23
#  File has been updated.
#  Successfully updated.
# variable set hash-table stats:
# Load=0/32=0%, Rehash=0, Collisions=0/0=0%
#  commands to execute (from `Makefile', line 31):
	clang -std=c11 $(DEBUG) $(INCLUDES) -c $< -o $@
	

# Not a target:
rtree/rtree-reinsert.c:
#  Implicit rule search has been done.
#  Last modified 2022-02-16 14:41:59
#  File has been updated.
#  Successfully updated.
# variable set hash-table stats:
# Load=0/32=0%, Rehash=0, Collisions=0/0=0%

src/SpatialGridHistogramMP.o: src/SpatialGridHistogramMP.cpp
#  Precious file (prerequisite of .PRECIOUS).
#  Implicit rule search has been done.
#  Implicit/static pattern stem: `src/SpatialGridHistogramMP'
#  Last modified 2022-02-23 09:04:29
#  File has been updated.
#  Successfully updated.
# variable set hash-table stats:
# Load=0/32=0%, Rehash=0, Collisions=0/0=0%
#  commands to execute (from `Makefile', line 34):
	clang++ -std=c++17 $(DEBUG) $(INCLUDES) -c $< -o $@
	

# Not a target:
rtree/rtree.c:
#  Implicit rule search has been done.
#  Last modified 2022-02-16 14:36:23
#  File has been updated.
#  Successfully updated.
# variable set hash-table stats:
# Load=0/32=0%, Rehash=0, Collisions=0/0=0%

# Not a target:
rtree/utils.c:
#  Implicit rule search has been done.
#  Last modified 2022-02-16 14:43:21
#  File has been updated.
#  Successfully updated.
# variable set hash-table stats:
# Load=0/32=0%, Rehash=0, Collisions=0/0=0%

# Not a target:
src/Dataset.cpp:
#  Implicit rule search has been done.
#  Last modified 2022-02-16 22:40:29
#  File has been updated.
#  Successfully updated.
# variable set hash-table stats:
# Load=0/32=0%, Rehash=0, Collisions=0/0=0%

# Not a target:
.DEFAULT:
#  Implicit rule search has not been done.
#  Modification time never checked.
#  File has not been updated.

rtree/rtree-wquery.o: rtree/rtree-wquery.c
#  Precious file (prerequisite of .PRECIOUS).
#  Implicit rule search has been done.
#  Implicit/static pattern stem: `rtree/rtree-wquery'
#  Last modified 2022-02-23 09:04:24
#  File has been updated.
#  Successfully updated.
# variable set hash-table stats:
# Load=0/32=0%, Rehash=0, Collisions=0/0=0%
#  commands to execute (from `Makefile', line 31):
	clang -std=c11 $(DEBUG) $(INCLUDES) -c $< -o $@
	

# Not a target:
experiments/wquery.cpp:
#  Implicit rule search has been done.
#  Last modified 2022-02-16 23:16:55
#  File has been updated.
#  Successfully updated.
# variable set hash-table stats:
# Load=0/32=0%, Rehash=0, Collisions=0/0=0%

# Not a target:
%.cpp:
#  Precious file (prerequisite of .PRECIOUS).
#  Implicit rule search has not been done.
#  Modification time never checked.
#  File has not been updated.

clean:
#  Implicit rule search has not been done.
#  Modification time never checked.
#  File has not been updated.
#  commands to execute (from `Makefile', line 37):
	rm -f src/*.o
	rm -f rtree/*.o
	rm -f experiments/*.o
	rm -f experiments/*.exp
	

# Not a target:
rtree/glibwrap.c:
#  Implicit rule search has been done.
#  Last modified 2019-04-18 15:57:52
#  File has been updated.
#  Successfully updated.
# variable set hash-table stats:
# Load=0/32=0%, Rehash=0, Collisions=0/0=0%

experiments/wquery.exp: rtree/glibwrap.o rtree/ogrext.o rtree/rtree-reinsert.o rtree/rtree-star.o rtree/rtree-wquery.o rtree/rtree.o rtree/utils.o src/Dataset.o src/SpatialGridHistogramIHWAF.o src/SpatialGridHistogramMP.o experiments/wquery.o
#  Implicit rule search has been done.
#  Implicit/static pattern stem: `experiments/wquery'
#  Last modified 2022-02-23 09:04:30
#  File has been updated.
#  Successfully updated.
# variable set hash-table stats:
# Load=0/32=0%, Rehash=0, Collisions=0/0=0%
#  commands to execute (from `Makefile', line 27):
	clang++ -std=c++17 $(DEBUG) $(INCLUDES) $^ -o $@ $(LIBS) -lgdal -lgeos -lgeos_c
	ln -sf $@ $*
	

# Not a target:
src/SpatialGridHistogramIHWAF.cpp:
#  Implicit rule search has been done.
#  Last modified 2022-02-16 23:11:03
#  File has been updated.
#  Successfully updated.
# variable set hash-table stats:
# Load=0/32=0%, Rehash=0, Collisions=0/0=0%

rtree/rtree-star.o: rtree/rtree-star.c
#  Precious file (prerequisite of .PRECIOUS).
#  Implicit rule search has been done.
#  Implicit/static pattern stem: `rtree/rtree-star'
#  Last modified 2022-02-23 09:04:24
#  File has been updated.
#  Successfully updated.
# variable set hash-table stats:
# Load=0/32=0%, Rehash=0, Collisions=0/0=0%
#  commands to execute (from `Makefile', line 31):
	clang -std=c11 $(DEBUG) $(INCLUDES) -c $< -o $@
	

# Not a target:
rtree/rtree-wquery.c:
#  Implicit rule search has been done.
#  Last modified 2022-02-16 15:23:32
#  File has been updated.
#  Successfully updated.
# variable set hash-table stats:
# Load=0/32=0%, Rehash=0, Collisions=0/0=0%

src/Dataset.o: src/Dataset.cpp
#  Precious file (prerequisite of .PRECIOUS).
#  Implicit rule search has been done.
#  Implicit/static pattern stem: `src/Dataset'
#  Last modified 2022-02-23 09:04:26
#  File has been updated.
#  Successfully updated.
# variable set hash-table stats:
# Load=0/32=0%, Rehash=0, Collisions=0/0=0%
#  commands to execute (from `Makefile', line 34):
	clang++ -std=c++17 $(DEBUG) $(INCLUDES) -c $< -o $@
	

# files hash-table stats:
# Load=31/1024=3%, Rehash=0, Collisions=0/107=0%
# VPATH Search Paths

# No `vpath' search paths.

# No general (`VPATH' variable) search path.

# # of strings in strcache: 1
# # of strcache buffers: 1
# strcache size: total = 4096 / max = 4096 / min = 4096 / avg = 4096
# strcache free: total = 4087 / max = 4087 / min = 4087 / avg = 4087

# Finished Make data base on Wed Feb 23 09:09:21 2022

 
